# JRE version: OpenJDK Runtime Environment (8.0_191-b12) (build 1.8.0_191-8u191-b12-2ubuntu0.18.04.1-b12)
# Java VM: OpenJDK 64-Bit Server VM (25.191-b12 mixed mode linux-amd64 compressed oops)
Heap:
 PSYoungGen      total 297984K, used 0K [0x00000000d7300000, 0x00000000fb700000, 0x0000000100000000)
  eden space 109056K, 0% used [0x00000000d7300000,0x00000000d7300000,0x00000000ddd80000)
  from space 188928K, 0% used [0x00000000eb700000,0x00000000eb700000,0x00000000f6f80000)
  to   space 222720K, 0% used [0x00000000ddd80000,0x00000000ddd80000,0x00000000eb700000)
 ParOldGen       total 358912K, used 326023K [0x0000000085800000, 0x000000009b680000, 0x00000000d7300000)
  object space 358912K, 90% used [0x0000000085800000,0x0000000099661fd8,0x000000009b680000)
 Metaspace       used 2588K, capacity 4564K, committed 4864K, reserved 1056768K
  class space    used 274K, capacity 388K, committed 512K, reserved 1048576K
GC Heap History (10 events):
Event: 8.358 GC heap after
Heap after GC invocations=6 (full 2):
 PSYoungGen      total 99840K, used 0K [0x00000000d7300000, 0x00000000df900000, 0x0000000100000000)
  eden space 94720K, 0% used [0x00000000d7300000,0x00000000d7300000,0x00000000dcf80000)
  from space 5120K, 0% used [0x00000000df400000,0x00000000df400000,0x00000000df900000)
  to   space 5120K, 0% used [0x00000000def00000,0x00000000def00000,0x00000000df400000)
 ParOldGen       total 358912K, used 163604K [0x0000000085800000, 0x000000009b680000, 0x00000000d7300000)
  object space 358912K, 45% used [0x0000000085800000,0x000000008f7c52d8,0x000000009b680000)
 Metaspace       used 2588K, capacity 4564K, committed 4864K, reserved 1056768K
  class space    used 274K, capacity 388K, committed 512K, reserved 1048576K
}
Event: 8.466 GC heap before
{Heap before GC invocations=7 (full 2):
 PSYoungGen      total 99840K, used 94720K [0x00000000d7300000, 0x00000000df900000, 0x0000000100000000)
  eden space 94720K, 100% used [0x00000000d7300000,0x00000000dcf80000,0x00000000dcf80000)
  from space 5120K, 0% used [0x00000000df400000,0x00000000df400000,0x00000000df900000)
  to   space 5120K, 0% used [0x00000000def00000,0x00000000def00000,0x00000000df400000)
 ParOldGen       total 358912K, used 163604K [0x0000000085800000, 0x000000009b680000, 0x00000000d7300000)
  object space 358912K, 45% used [0x0000000085800000,0x000000008f7c52d8,0x000000009b680000)
 Metaspace       used 2588K, capacity 4564K, committed 4864K, reserved 1056768K
  class space    used 274K, capacity 388K, committed 512K, reserved 1048576K
Event: 8.645 GC heap after
Heap after GC invocations=7 (full 2):
 PSYoungGen      total 132096K, used 5120K [0x00000000d7300000, 0x00000000ea980000, 0x0000000100000000)
  eden space 126976K, 0% used [0x00000000d7300000,0x00000000d7300000,0x00000000def00000)
  from space 5120K, 100% used [0x00000000def00000,0x00000000df400000,0x00000000df400000)
  to   space 93696K, 0% used [0x00000000e4e00000,0x00000000e4e00000,0x00000000ea980000)
 ParOldGen       total 358912K, used 182276K [0x0000000085800000, 0x000000009b680000, 0x00000000d7300000)
  object space 358912K, 50% used [0x0000000085800000,0x0000000090a012d8,0x000000009b680000)
 Metaspace       used 2588K, capacity 4564K, committed 4864K, reserved 1056768K
  class space    used 274K, capacity 388K, committed 512K, reserved 1048576K
}
Event: 8.714 GC heap before
{Heap before GC invocations=8 (full 2):
 PSYoungGen      total 132096K, used 132096K [0x00000000d7300000, 0x00000000ea980000, 0x0000000100000000)
  eden space 126976K, 100% used [0x00000000d7300000,0x00000000def00000,0x00000000def00000)
  from space 5120K, 100% used [0x00000000def00000,0x00000000df400000,0x00000000df400000)
  to   space 93696K, 0% used [0x00000000e4e00000,0x00000000e4e00000,0x00000000ea980000)
 ParOldGen       total 358912K, used 182276K [0x0000000085800000, 0x000000009b680000, 0x00000000d7300000)
  object space 358912K, 50% used [0x0000000085800000,0x0000000090a012d8,0x000000009b680000)
 Metaspace       used 2588K, capacity 4564K, committed 4864K, reserved 1056768K
  class space    used 274K, capacity 388K, committed 512K, reserved 1048576K
Event: 10.507 GC heap after
Heap after GC invocations=8 (full 2):
 PSYoungGen      total 181248K, used 93696K [0x00000000d7300000, 0x00000000f3b00000, 0x0000000100000000)
  eden space 87552K, 0% used [0x00000000d7300000,0x00000000d7300000,0x00000000dc880000)
  from space 93696K, 100% used [0x00000000e4e00000,0x00000000ea980000,0x00000000ea980000)
  to   space 136704K, 0% used [0x00000000dc880000,0x00000000dc880000,0x00000000e4e00000)
 ParOldGen       total 358912K, used 220908K [0x0000000085800000, 0x000000009b680000, 0x00000000d7300000)
  object space 358912K, 61% used [0x0000000085800000,0x0000000092fbb2d8,0x000000009b680000)
 Metaspace       used 2588K, capacity 4564K, committed 4864K, reserved 1056768K
  class space    used 274K, capacity 388K, committed 512K, reserved 1048576K
}
Event: 10.632 GC heap before
{Heap before GC invocations=9 (full 2):
 PSYoungGen      total 181248K, used 181248K [0x00000000d7300000, 0x00000000f3b00000, 0x0000000100000000)
  eden space 87552K, 100% used [0x00000000d7300000,0x00000000dc880000,0x00000000dc880000)
  from space 93696K, 100% used [0x00000000e4e00000,0x00000000ea980000,0x00000000ea980000)
  to   space 136704K, 0% used [0x00000000dc880000,0x00000000dc880000,0x00000000e4e00000)
 ParOldGen       total 358912K, used 220908K [0x0000000085800000, 0x000000009b680000, 0x00000000d7300000)
  object space 358912K, 61% used [0x0000000085800000,0x0000000092fbb2d8,0x000000009b680000)
 Metaspace       used 2588K, capacity 4564K, committed 4864K, reserved 1056768K
  class space    used 274K, capacity 388K, committed 512K, reserved 1048576K
Event: 12.749 GC heap after
Heap after GC invocations=9 (full 2):
 PSYoungGen      total 224256K, used 136704K [0x00000000d7300000, 0x00000000f6f80000, 0x0000000100000000)
  eden space 87552K, 0% used [0x00000000d7300000,0x00000000d7300000,0x00000000dc880000)
  from space 136704K, 100% used [0x00000000dc880000,0x00000000e4e00000,0x00000000e4e00000)
  to   space 188928K, 0% used [0x00000000eb700000,0x00000000eb700000,0x00000000f6f80000)
 ParOldGen       total 358912K, used 265684K [0x0000000085800000, 0x000000009b680000, 0x00000000d7300000)
  object space 358912K, 74% used [0x0000000085800000,0x0000000095b752d8,0x000000009b680000)
 Metaspace       used 2588K, capacity 4564K, committed 4864K, reserved 1056768K
  class space    used 274K, capacity 388K, committed 512K, reserved 1048576K
}
Event: 12.851 GC heap before
{Heap before GC invocations=10 (full 2):
 PSYoungGen      total 224256K, used 224256K [0x00000000d7300000, 0x00000000f6f80000, 0x0000000100000000)
  eden space 87552K, 100% used [0x00000000d7300000,0x00000000dc880000,0x00000000dc880000)
  from space 136704K, 100% used [0x00000000dc880000,0x00000000e4e00000,0x00000000e4e00000)
  to   space 188928K, 0% used [0x00000000eb700000,0x00000000eb700000,0x00000000f6f80000)
 ParOldGen       total 358912K, used 265684K [0x0000000085800000, 0x000000009b680000, 0x00000000d7300000)
  object space 358912K, 74% used [0x0000000085800000,0x0000000095b752d8,0x000000009b680000)
 Metaspace       used 2588K, capacity 4564K, committed 4864K, reserved 1056768K
  class space    used 274K, capacity 388K, committed 512K, reserved 1048576K
Event: 15.047 GC heap after
Heap after GC invocations=10 (full 2):
 PSYoungGen      total 297984K, used 188928K [0x00000000d7300000, 0x00000000fb700000, 0x0000000100000000)
  eden space 109056K, 0% used [0x00000000d7300000,0x00000000d7300000,0x00000000ddd80000)
  from space 188928K, 100% used [0x00000000eb700000,0x00000000f6f80000,0x00000000f6f80000)
  to   space 222720K, 0% used [0x00000000ddd80000,0x00000000ddd80000,0x00000000eb700000)
 ParOldGen       total 358912K, used 301212K [0x0000000085800000, 0x000000009b680000, 0x00000000d7300000)
  object space 358912K, 83% used [0x0000000085800000,0x0000000097e272d8,0x000000009b680000)
 Metaspace       used 2588K, capacity 4564K, committed 4864K, reserved 1056768K
  class space    used 274K, capacity 388K, committed 512K, reserved 1048576K
}
Event: 15.053 GC heap before
{Heap before GC invocations=11 (full 3):
 PSYoungGen      total 297984K, used 188928K [0x00000000d7300000, 0x00000000fb700000, 0x0000000100000000)
  eden space 109056K, 0% used [0x00000000d7300000,0x00000000d7300000,0x00000000ddd80000)
  from space 188928K, 100% used [0x00000000eb700000,0x00000000f6f80000,0x00000000f6f80000)
  to   space 222720K, 0% used [0x00000000ddd80000,0x00000000ddd80000,0x00000000eb700000)
 ParOldGen       total 358912K, used 301212K [0x0000000085800000, 0x000000009b680000, 0x00000000d7300000)
  object space 358912K, 83% used [0x0000000085800000,0x0000000097e272d8,0x000000009b680000)
 Metaspace       used 2588K, capacity 4564K, committed 4864K, reserved 1056768K
  class space    used 274K, capacity 388K, committed 512K, reserved 1048576K

